Using pre-set license
Built from '2020.3/staging' branch; Version is '2020.3.11f1 (99c7afb366b3) revision 10078127'; Using compiler version '192528614'; Build Type 'Release'
OS: 'Windows 10 Pro; OS build 19042.868; Version 2009; 64bit' Language: 'en' Physical Memory: 16204 MB
BatchMode: 1, IsHumanControllingUs: 0, StartBugReporterOnCrash: 0, Is64bit: 1, IsPro: 0

 COMMAND LINE ARGUMENTS:
C:\Program Files\Unity\Hub\Editor\2020.3.11f1\Editor\Unity.exe
-adb2
-batchMode
-noUpm
-name
AssetImportWorker0
-projectPath
C:/Users/kevsc/OneDrive/Documents/GitHub/PizzaSniper
-logFile
Logs/AssetImportWorker0.log
-srvPort
55163
Successfully changed project path to: C:/Users/kevsc/OneDrive/Documents/GitHub/PizzaSniper
C:/Users/kevsc/OneDrive/Documents/GitHub/PizzaSniper
Using Asset Import Pipeline V2.
Refreshing native plugins compatible for Editor in 34.38 ms, found 3 plugins.
Preloading 0 native plugins for Editor in 0.00 ms.
Initialize engine version: 2020.3.11f1 (99c7afb366b3)
[Subsystems] Discovering subsystems at path C:/Program Files/Unity/Hub/Editor/2020.3.11f1/Editor/Data/Resources/UnitySubsystems
[Subsystems] Discovering subsystems at path C:/Users/kevsc/OneDrive/Documents/GitHub/PizzaSniper/Assets
GfxDevice: creating device client; threaded=0
Direct3D:
    Version:  Direct3D 11.0 [level 11.1]
    Renderer: NVIDIA GeForce RTX 2080 Super (ID=0x1e93)
    Vendor:   
    VRAM:     8010 MB
    Driver:   27.21.14.6677
Initialize mono
Mono path[0] = 'C:/Program Files/Unity/Hub/Editor/2020.3.11f1/Editor/Data/Managed'
Mono path[1] = 'C:/Program Files/Unity/Hub/Editor/2020.3.11f1/Editor/Data/MonoBleedingEdge/lib/mono/unityjit'
Mono config path = 'C:/Program Files/Unity/Hub/Editor/2020.3.11f1/Editor/Data/MonoBleedingEdge/etc'
Using monoOptions --debugger-agent=transport=dt_socket,embedding=1,server=y,suspend=n,address=127.0.0.1:56908
Begin MonoManager ReloadAssembly
Registering precompiled unity dll's ...
Register platform support module: C:/Program Files/Unity/Hub/Editor/2020.3.11f1/Editor/Data/PlaybackEngines/WindowsStandaloneSupport/UnityEditor.WindowsStandalone.Extensions.dll
Registered in 0.002129 seconds.
Native extension for WindowsStandalone target not found
Refreshing native plugins compatible for Editor in 32.95 ms, found 3 plugins.
Preloading 0 native plugins for Editor in 0.00 ms.
Mono: successfully reloaded assembly
- Completed reload, in  1.799 seconds
Platform modules already initialized, skipping
Registering precompiled user dll's ...
Registered in 0.005407 seconds.
Begin MonoManager ReloadAssembly
Native extension for WindowsStandalone target not found
Refreshing native plugins compatible for Editor in 34.08 ms, found 3 plugins.
Preloading 0 native plugins for Editor in 0.00 ms.
Mono: successfully reloaded assembly
- Completed reload, in  0.994 seconds
Platform modules already initialized, skipping
========================================================================
Worker process is ready to serve import requests
Launched and connected shader compiler UnityShaderCompiler.exe after 0.04 seconds
Refreshing native plugins compatible for Editor in 0.39 ms, found 3 plugins.
Preloading 0 native plugins for Editor in 0.00 ms.
Unloading 2080 Unused Serialized files (Serialized files now loaded: 0)
System memory in use before: 92.7 MB.
System memory in use after: 92.8 MB.

Unloading 28 unused Assets to reduce memory usage. Loaded Objects now: 2518.
Total: 1.859500 ms (FindLiveObjects: 0.176300 ms CreateObjectMapping: 0.075800 ms MarkObjects: 1.554600 ms  DeleteObjects: 0.051900 ms)

========================================================================
Received Import Request.
  path: Assets/Scenes
  artifactKey: Guid(7dd5a3d1da9a7974aa0993d4b908896b) Importer(815301076,1909f56bfc062723c751e8b465ee728b)
Start importing Assets/Scenes using Guid(7dd5a3d1da9a7974aa0993d4b908896b) Importer(815301076,1909f56bfc062723c751e8b465ee728b)  -> (artifact id: '366699a11baecb7ee5088e83231a07c2') in 0.007017 seconds
  Import took 0.010803 seconds .

========================================================================
Received Import Request.
  Time since last request: 0.000512 seconds.
  path: Assets/Scenes/Level_1.unity
  artifactKey: Guid(2d994b87e5bdc1543a75123e7964cad1) Importer(815301076,1909f56bfc062723c751e8b465ee728b)
Start importing Assets/Scenes/Level_1.unity using Guid(2d994b87e5bdc1543a75123e7964cad1) Importer(815301076,1909f56bfc062723c751e8b465ee728b)  -> (artifact id: '9421bf51afd8c66114004dbe2b73b711') in 0.009390 seconds
  Import took 0.012701 seconds .

========================================================================
Received Import Request.
  Time since last request: 14340.147044 seconds.
  path: Assets
  artifactKey: Guid(00000000000000001000000000000000) Importer(815301076,1909f56bfc062723c751e8b465ee728b)
Start importing Assets using Guid(00000000000000001000000000000000) Importer(815301076,1909f56bfc062723c751e8b465ee728b)  -> (artifact id: '42d402b061de3733987d63b9cc3b64de') in 0.004150 seconds
  Import took 0.048036 seconds .

========================================================================
Received Import Request.
  Time since last request: 6.973195 seconds.
  path: Assets/Materials
  artifactKey: Guid(7eeaac7e17ab7ab4a85199e1b8ee43ee) Importer(815301076,1909f56bfc062723c751e8b465ee728b)
Start importing Assets/Materials using Guid(7eeaac7e17ab7ab4a85199e1b8ee43ee) Importer(815301076,1909f56bfc062723c751e8b465ee728b)  -> (artifact id: '9ec3fdf984845f72d0620a7c3f8cada5') in 0.002794 seconds
  Import took 0.006597 seconds .

========================================================================
Received Import Request.
  Time since last request: 5004.847615 seconds.
  path: Assets/Scenes/Level_1.unity
  artifactKey: Guid(2d994b87e5bdc1543a75123e7964cad1) Importer(815301076,1909f56bfc062723c751e8b465ee728b)
Start importing Assets/Scenes/Level_1.unity using Guid(2d994b87e5bdc1543a75123e7964cad1) Importer(815301076,1909f56bfc062723c751e8b465ee728b)  -> (artifact id: 'e19a3a10279c6022ed9f543b89d0989e') in 0.013492 seconds
  Import took 0.037690 seconds .

========================================================================
Received Import Request.
  Time since last request: 8.230236 seconds.
  path: Assets/Scenes/Level_1 1.unity
  artifactKey: Guid(a02e1618df844904dad07231bf2c58e5) Importer(815301076,1909f56bfc062723c751e8b465ee728b)
Start importing Assets/Scenes/Level_1 1.unity using Guid(a02e1618df844904dad07231bf2c58e5) Importer(815301076,1909f56bfc062723c751e8b465ee728b)  -> (artifact id: '5ca5b3a07e4528a53414fb661fe074c0') in 0.002849 seconds
  Import took 0.006149 seconds .

========================================================================
Received Import Request.
  Time since last request: 3.377434 seconds.
  path: Assets/Scenes/Level_1 2.unity
  artifactKey: Guid(f279bf376b92ad548a8c5e7f4c964ae1) Importer(815301076,1909f56bfc062723c751e8b465ee728b)
Start importing Assets/Scenes/Level_1 2.unity using Guid(f279bf376b92ad548a8c5e7f4c964ae1) Importer(815301076,1909f56bfc062723c751e8b465ee728b)  -> (artifact id: 'adfa67758ee12725c3dc47fd72b7d988') in 0.003112 seconds
  Import took 0.006482 seconds .

========================================================================
Received Import Request.
  Time since last request: 28.442583 seconds.
  path: Assets/Scenes/Level 1.unity
  artifactKey: Guid(2d994b87e5bdc1543a75123e7964cad1) Importer(815301076,1909f56bfc062723c751e8b465ee728b)
Start importing Assets/Scenes/Level 1.unity using Guid(2d994b87e5bdc1543a75123e7964cad1) Importer(815301076,1909f56bfc062723c751e8b465ee728b)  -> (artifact id: '94eb90fdb478f95b2108dcc5b4eab641') in 0.002873 seconds
  Import took 0.007633 seconds .

========================================================================
Received Import Request.
  Time since last request: 3.152862 seconds.
  path: Assets/Scenes/Level 2.unity
  artifactKey: Guid(bd21981b9d7e28e4aa2c5c88e2f1d275) Importer(815301076,1909f56bfc062723c751e8b465ee728b)
Start importing Assets/Scenes/Level 2.unity using Guid(bd21981b9d7e28e4aa2c5c88e2f1d275) Importer(815301076,1909f56bfc062723c751e8b465ee728b)  -> (artifact id: 'e697f233f064e78fbc6a78f143a7a4bd') in 0.003126 seconds
  Import took 0.007039 seconds .

========================================================================
Received Import Request.
  Time since last request: 1.225318 seconds.
  path: Assets/Scenes/Level 3.unity
  artifactKey: Guid(3a3c498ca93755241b11f3477b0ff2b8) Importer(815301076,1909f56bfc062723c751e8b465ee728b)
Start importing Assets/Scenes/Level 3.unity using Guid(3a3c498ca93755241b11f3477b0ff2b8) Importer(815301076,1909f56bfc062723c751e8b465ee728b)  -> (artifact id: '01dfa3a91c197af191a6dae38b7ef9c9') in 0.002882 seconds
  Import took 0.006058 seconds .

