Using pre-set license
Built from '2020.3/staging' branch; Version is '2020.3.11f1 (99c7afb366b3) revision 10078127'; Using compiler version '192528614'; Build Type 'Release'
OS: 'Windows 10 Pro; OS build 19043.1348; Version 2009; 64bit' Language: 'en' Physical Memory: 32679 MB
BatchMode: 1, IsHumanControllingUs: 0, StartBugReporterOnCrash: 0, Is64bit: 1, IsPro: 0

 COMMAND LINE ARGUMENTS:
C:\Program Files\Unity\Hub\Editor\2020.3.11f1\Editor\Unity.exe
-adb2
-batchMode
-noUpm
-name
AssetImportWorker1
-projectPath
C:/Users/zephy/OneDrive/Desktop/PizzaSniper
-logFile
Logs/AssetImportWorker1.log
-srvPort
61361
Successfully changed project path to: C:/Users/zephy/OneDrive/Desktop/PizzaSniper
C:/Users/zephy/OneDrive/Desktop/PizzaSniper
Using Asset Import Pipeline V2.
Refreshing native plugins compatible for Editor in 28.74 ms, found 3 plugins.
Preloading 0 native plugins for Editor in 0.00 ms.
Initialize engine version: 2020.3.11f1 (99c7afb366b3)
[Subsystems] Discovering subsystems at path C:/Program Files/Unity/Hub/Editor/2020.3.11f1/Editor/Data/Resources/UnitySubsystems
[Subsystems] Discovering subsystems at path C:/Users/zephy/OneDrive/Desktop/PizzaSniper/Assets
GfxDevice: creating device client; threaded=0
Direct3D:
    Version:  Direct3D 11.0 [level 11.1]
    Renderer: NVIDIA GeForce RTX 3060 (ID=0x2504)
    Vendor:   
    VRAM:     12143 MB
    Driver:   30.0.14.7111
Initialize mono
Mono path[0] = 'C:/Program Files/Unity/Hub/Editor/2020.3.11f1/Editor/Data/Managed'
Mono path[1] = 'C:/Program Files/Unity/Hub/Editor/2020.3.11f1/Editor/Data/MonoBleedingEdge/lib/mono/unityjit'
Mono config path = 'C:/Program Files/Unity/Hub/Editor/2020.3.11f1/Editor/Data/MonoBleedingEdge/etc'
Using monoOptions --debugger-agent=transport=dt_socket,embedding=1,server=y,suspend=n,address=127.0.0.1:56708
Begin MonoManager ReloadAssembly
Registering precompiled unity dll's ...
Register platform support module: C:/Program Files/Unity/Hub/Editor/2020.3.11f1/Editor/Data/PlaybackEngines/MacStandaloneSupport/UnityEditor.OSXStandalone.Extensions.dll
Register platform support module: C:/Program Files/Unity/Hub/Editor/2020.3.11f1/Editor/Data/PlaybackEngines/WindowsStandaloneSupport/UnityEditor.WindowsStandalone.Extensions.dll
Register platform support module: C:/Program Files/Unity/Hub/Editor/2020.3.11f1/Editor/Data/PlaybackEngines/LinuxStandaloneSupport/UnityEditor.LinuxStandalone.Extensions.dll
Register platform support module: C:/Program Files/Unity/Hub/Editor/2020.3.11f1/Editor/Data/PlaybackEngines/LuminSupport/UnityEditor.Lumin.Extensions.dll
Registered in 0.002632 seconds.
Native extension for Lumin target not found
Native extension for LinuxStandalone target not found
Native extension for WindowsStandalone target not found
Native extension for OSXStandalone target not found
Refreshing native plugins compatible for Editor in 28.48 ms, found 3 plugins.
Preloading 0 native plugins for Editor in 0.00 ms.
Mono: successfully reloaded assembly
- Completed reload, in  1.776 seconds
Platform modules already initialized, skipping
Registering precompiled user dll's ...
Registered in 0.071022 seconds.
Begin MonoManager ReloadAssembly
Native extension for Lumin target not found
Native extension for LinuxStandalone target not found
Native extension for WindowsStandalone target not found
Native extension for OSXStandalone target not found
Refreshing native plugins compatible for Editor in 29.36 ms, found 3 plugins.
Preloading 0 native plugins for Editor in 0.00 ms.
Mono: successfully reloaded assembly
- Completed reload, in  0.831 seconds
Platform modules already initialized, skipping
========================================================================
Worker process is ready to serve import requests
Launched and connected shader compiler UnityShaderCompiler.exe after 0.07 seconds
Refreshing native plugins compatible for Editor in 0.51 ms, found 3 plugins.
Preloading 0 native plugins for Editor in 0.00 ms.
Unloading 2089 Unused Serialized files (Serialized files now loaded: 0)
System memory in use before: 93.3 MB.
System memory in use after: 93.4 MB.

Unloading 27 unused Assets to reduce memory usage. Loaded Objects now: 2532.
Total: 2.269200 ms (FindLiveObjects: 0.219100 ms CreateObjectMapping: 0.081600 ms MarkObjects: 1.944700 ms  DeleteObjects: 0.023100 ms)

========================================================================
Received Import Request.
  path: Assets/Sound
  artifactKey: Guid(75667f0f155c3734e967de54a6f881ac) Importer(815301076,1909f56bfc062723c751e8b465ee728b)
Start importing Assets/Sound using Guid(75667f0f155c3734e967de54a6f881ac) Importer(815301076,1909f56bfc062723c751e8b465ee728b)  -> (artifact id: '3ac2f26126f407a93a80c0bcacfcfb58') in 0.009270 seconds
  Import took 0.011659 seconds .

========================================================================
Received Import Request.
  Time since last request: 55.318318 seconds.
  path: Assets/Sound/AircontOntop of uild Ambience.wav
  artifactKey: Guid(f6877ea3ef684e346afa7d979fbfdf14) Importer(815301076,1909f56bfc062723c751e8b465ee728b)
Start importing Assets/Sound/AircontOntop of uild Ambience.wav using Guid(f6877ea3ef684e346afa7d979fbfdf14) Importer(815301076,1909f56bfc062723c751e8b465ee728b)  -> (artifact id: 'ac725cc11633a159d82a2fc116da0273') in 0.089595 seconds
  Import took 0.092814 seconds .

========================================================================
Received Import Request.
  Time since last request: 0.000168 seconds.
  path: Assets/Sound/SFX_Footsteps 2.wav
  artifactKey: Guid(95c50e0d43ed507439824a4db366111e) Importer(815301076,1909f56bfc062723c751e8b465ee728b)
Start importing Assets/Sound/SFX_Footsteps 2.wav using Guid(95c50e0d43ed507439824a4db366111e) Importer(815301076,1909f56bfc062723c751e8b465ee728b)  -> (artifact id: '7b39522f4c5090d4d0411f9edd25bd0f') in 0.010539 seconds
  Import took 0.013132 seconds .

========================================================================
Received Import Request.
  Time since last request: 0.000150 seconds.
  path: Assets/Sound/Menu 5.wav
  artifactKey: Guid(359b1eb17fd0f114c8c0e64816f2ac23) Importer(815301076,1909f56bfc062723c751e8b465ee728b)
Start importing Assets/Sound/Menu 5.wav using Guid(359b1eb17fd0f114c8c0e64816f2ac23) Importer(815301076,1909f56bfc062723c751e8b465ee728b)  -> (artifact id: '446066e9866f2cec7cb227734aa0125c') in 0.009061 seconds
  Import took 0.011665 seconds .

========================================================================
Received Import Request.
  Time since last request: 0.000136 seconds.
  path: Assets/Sound/Menu4.wav
  artifactKey: Guid(ec64eb4501d236e4dba5d176d6042502) Importer(815301076,1909f56bfc062723c751e8b465ee728b)
Start importing Assets/Sound/Menu4.wav using Guid(ec64eb4501d236e4dba5d176d6042502) Importer(815301076,1909f56bfc062723c751e8b465ee728b)  -> (artifact id: '375419d75791779cd3a98a5ea6252820') in 0.012700 seconds
  Import took 0.015073 seconds .

========================================================================
Received Import Request.
  Time since last request: 0.000133 seconds.
  path: Assets/Sound/Shot3.wav
  artifactKey: Guid(b468d4a428ab39f4c902fc41b4c9b3d3) Importer(815301076,1909f56bfc062723c751e8b465ee728b)
Start importing Assets/Sound/Shot3.wav using Guid(b468d4a428ab39f4c902fc41b4c9b3d3) Importer(815301076,1909f56bfc062723c751e8b465ee728b)  -> (artifact id: '2f1b6099c1fc1b13e120f385d6300411') in 0.012750 seconds
  Import took 0.015741 seconds .

========================================================================
Received Import Request.
  Time since last request: 0.000123 seconds.
  path: Assets/Sound/Menu2.wav
  artifactKey: Guid(ca942fc7ef5edd74c98cc7ef2a3e8d38) Importer(815301076,1909f56bfc062723c751e8b465ee728b)
Start importing Assets/Sound/Menu2.wav using Guid(ca942fc7ef5edd74c98cc7ef2a3e8d38) Importer(815301076,1909f56bfc062723c751e8b465ee728b)  -> (artifact id: '611ceb6e03f794a51d73402b5cb9cc5b') in 0.013749 seconds
  Import took 0.016173 seconds .

========================================================================
Received Import Request.
  Time since last request: 0.000181 seconds.
  path: Assets/Sound/SFX_Scared 1.wav
  artifactKey: Guid(a8bff10beccd48f43a9408b544a752a4) Importer(815301076,1909f56bfc062723c751e8b465ee728b)
Start importing Assets/Sound/SFX_Scared 1.wav using Guid(a8bff10beccd48f43a9408b544a752a4) Importer(815301076,1909f56bfc062723c751e8b465ee728b)  -> (artifact id: 'd2ec527d5a275bd8be62701cba0e35c0') in 0.013990 seconds
  Import took 0.016869 seconds .

========================================================================
Received Import Request.
  Time since last request: 0.000128 seconds.
  path: Assets/Sound/Reload With Shell.wav
  artifactKey: Guid(9a3f693f329f22f468fef639426fcbc6) Importer(815301076,1909f56bfc062723c751e8b465ee728b)
Start importing Assets/Sound/Reload With Shell.wav using Guid(9a3f693f329f22f468fef639426fcbc6) Importer(815301076,1909f56bfc062723c751e8b465ee728b)  -> (artifact id: '6a31847e10947316b7de9be0fdfc9f30') in 0.013491 seconds
  Import took 0.016013 seconds .

========================================================================
Received Import Request.
  Time since last request: 0.000143 seconds.
  path: Assets/Sound/Steps4.wav
  artifactKey: Guid(29b577cc886522b4fae67ac3913ccdc6) Importer(815301076,1909f56bfc062723c751e8b465ee728b)
Start importing Assets/Sound/Steps4.wav using Guid(29b577cc886522b4fae67ac3913ccdc6) Importer(815301076,1909f56bfc062723c751e8b465ee728b)  -> (artifact id: '3252618e0eb20bd9807ac73038e921d9') in 0.015987 seconds
  Import took 0.018589 seconds .

========================================================================
Received Import Request.
  Time since last request: 0.000152 seconds.
  path: Assets/Sound/SFX_Scared 4.wav
  artifactKey: Guid(f7be4f7afb5bb2646b6e3304a3da86a2) Importer(815301076,1909f56bfc062723c751e8b465ee728b)
Start importing Assets/Sound/SFX_Scared 4.wav using Guid(f7be4f7afb5bb2646b6e3304a3da86a2) Importer(815301076,1909f56bfc062723c751e8b465ee728b)  -> (artifact id: 'a6a4c3da77cf1c24ee4dbbed723b3d8d') in 0.011685 seconds
  Import took 0.014310 seconds .

========================================================================
Received Import Request.
  Time since last request: 0.000131 seconds.
  path: Assets/Sound/SFX_PineHit 1.wav
  artifactKey: Guid(e61f11421064b26459aa28247de2a2d4) Importer(815301076,1909f56bfc062723c751e8b465ee728b)
Start importing Assets/Sound/SFX_PineHit 1.wav using Guid(e61f11421064b26459aa28247de2a2d4) Importer(815301076,1909f56bfc062723c751e8b465ee728b)  -> (artifact id: '2e1a2c614e95e858c8657d99ca450c76') in 0.013640 seconds
  Import took 0.015907 seconds .

========================================================================
Received Import Request.
  Time since last request: 0.000131 seconds.
  path: Assets/Sound/Steps3.wav
  artifactKey: Guid(9b09d2f062540474793247c8dff516d5) Importer(815301076,1909f56bfc062723c751e8b465ee728b)
Start importing Assets/Sound/Steps3.wav using Guid(9b09d2f062540474793247c8dff516d5) Importer(815301076,1909f56bfc062723c751e8b465ee728b)  -> (artifact id: '54d2bd7a3010b3a5195bd5df7570c4ff') in 0.015172 seconds
  Import took 0.017903 seconds .

========================================================================
Received Import Request.
  Time since last request: 0.000142 seconds.
  path: Assets/Sound/SFX_Footsteps 1.wav
  artifactKey: Guid(c3d6e8de6c5b1e74fa91e880ae490bb7) Importer(815301076,1909f56bfc062723c751e8b465ee728b)
Start importing Assets/Sound/SFX_Footsteps 1.wav using Guid(c3d6e8de6c5b1e74fa91e880ae490bb7) Importer(815301076,1909f56bfc062723c751e8b465ee728b)  -> (artifact id: 'cb4563eeb320c65d51818138a08b8e8a') in 0.012249 seconds
  Import took 0.014411 seconds .

========================================================================
Received Import Request.
  Time since last request: 0.000117 seconds.
  path: Assets/Sound/Character_Lvl_Loud.wav
  artifactKey: Guid(b6418210477869a47995d267f72d175d) Importer(815301076,1909f56bfc062723c751e8b465ee728b)
Start importing Assets/Sound/Character_Lvl_Loud.wav using Guid(b6418210477869a47995d267f72d175d) Importer(815301076,1909f56bfc062723c751e8b465ee728b)  -> (artifact id: '720c33c84133c6de082961c24a2a92f4') in 0.013051 seconds
  Import took 0.015726 seconds .

========================================================================
Received Import Request.
  Time since last request: 0.000133 seconds.
  path: Assets/Sound/Menu3.wav
  artifactKey: Guid(82290523b6e4f3d40951312ce80f2121) Importer(815301076,1909f56bfc062723c751e8b465ee728b)
Start importing Assets/Sound/Menu3.wav using Guid(82290523b6e4f3d40951312ce80f2121) Importer(815301076,1909f56bfc062723c751e8b465ee728b)  -> (artifact id: 'ef5b44b2d9bedb44612bfee2c8a6ca35') in 0.013553 seconds
  Import took 0.016092 seconds .

========================================================================
Received Import Request.
  Time since last request: 0.000136 seconds.
  path: Assets/Sound/CLvlUp 2.wav
  artifactKey: Guid(3507e8af344e0fd4a88955ca3742474c) Importer(815301076,1909f56bfc062723c751e8b465ee728b)
Start importing Assets/Sound/CLvlUp 2.wav using Guid(3507e8af344e0fd4a88955ca3742474c) Importer(815301076,1909f56bfc062723c751e8b465ee728b)  -> (artifact id: '3cf39457ac7bd165695abfd884968844') in 0.015165 seconds
  Import took 0.017776 seconds .

========================================================================
Received Import Request.
  Time since last request: 0.000140 seconds.
  path: Assets/Sound/Restaurant1Ambience.wav
  artifactKey: Guid(2111aaf3827d9d14894c053809935ae9) Importer(815301076,1909f56bfc062723c751e8b465ee728b)
Start importing Assets/Sound/Restaurant1Ambience.wav using Guid(2111aaf3827d9d14894c053809935ae9) Importer(815301076,1909f56bfc062723c751e8b465ee728b)  -> (artifact id: 'f7341fff1c3d3c82771a3c5035344b2b') in 0.011232 seconds
  Import took 0.013617 seconds .

========================================================================
Received Import Request.
  Time since last request: 0.000123 seconds.
  path: Assets/Sound/SFX_SlowTime.wav
  artifactKey: Guid(bdc009141c0fd5941aa7ac60525b1e37) Importer(815301076,1909f56bfc062723c751e8b465ee728b)
Start importing Assets/Sound/SFX_SlowTime.wav using Guid(bdc009141c0fd5941aa7ac60525b1e37) Importer(815301076,1909f56bfc062723c751e8b465ee728b)  -> (artifact id: 'ac9454eba308f073561e28ed4f25f67e') in 0.008436 seconds
  Import took 0.010756 seconds .

========================================================================
Received Import Request.
  Time since last request: 0.000127 seconds.
  path: Assets/Sound/SFX_PineHit 4.wav
  artifactKey: Guid(f05f44320c99cab4594ab63f7edf4c94) Importer(815301076,1909f56bfc062723c751e8b465ee728b)
Start importing Assets/Sound/SFX_PineHit 4.wav using Guid(f05f44320c99cab4594ab63f7edf4c94) Importer(815301076,1909f56bfc062723c751e8b465ee728b)  -> (artifact id: '44ab5076da50a1ee24e7bceb62057c1b') in 0.008017 seconds
  Import took 0.010127 seconds .

========================================================================
Received Import Request.
  Time since last request: 0.000134 seconds.
  path: Assets/Sound/Reload 2.wav
  artifactKey: Guid(b662e007e2e4a724eaf0fc3050a2ffd2) Importer(815301076,1909f56bfc062723c751e8b465ee728b)
Start importing Assets/Sound/Reload 2.wav using Guid(b662e007e2e4a724eaf0fc3050a2ffd2) Importer(815301076,1909f56bfc062723c751e8b465ee728b)  -> (artifact id: 'cac572623391ef75e34c8f700aa95063') in 0.009097 seconds
  Import took 0.011663 seconds .

========================================================================
Received Import Request.
  Time since last request: 0.000120 seconds.
  path: Assets/Sound/Steps1.wav
  artifactKey: Guid(412fbf60c6c602f4cadcd790b511364c) Importer(815301076,1909f56bfc062723c751e8b465ee728b)
Start importing Assets/Sound/Steps1.wav using Guid(412fbf60c6c602f4cadcd790b511364c) Importer(815301076,1909f56bfc062723c751e8b465ee728b)  -> (artifact id: 'b991741fbd9f1faea8d762fe7533897a') in 0.017865 seconds
  Import took 0.020388 seconds .

========================================================================
Received Import Request.
  Time since last request: 0.000157 seconds.
  path: Assets/Sound/SFX_PineHit 5.wav
  artifactKey: Guid(c7660f1ad1fd78447a5695998a0b5b22) Importer(815301076,1909f56bfc062723c751e8b465ee728b)
Start importing Assets/Sound/SFX_PineHit 5.wav using Guid(c7660f1ad1fd78447a5695998a0b5b22) Importer(815301076,1909f56bfc062723c751e8b465ee728b)  -> (artifact id: '7b1d5ef8057f3ec6e3e033b5fce0578b') in 0.009873 seconds
  Import took 0.011657 seconds .

========================================================================
Received Import Request.
  Time since last request: 0.000161 seconds.
  path: Assets/Sound/Restaurant2Ambience.wav
  artifactKey: Guid(1db16475ac74c5a4782e8123d4a7919d) Importer(815301076,1909f56bfc062723c751e8b465ee728b)
Start importing Assets/Sound/Restaurant2Ambience.wav using Guid(1db16475ac74c5a4782e8123d4a7919d) Importer(815301076,1909f56bfc062723c751e8b465ee728b)  -> (artifact id: '5a9103802c480704091e2b13dfc31e47') in 0.007363 seconds
  Import took 0.009581 seconds .

========================================================================
Received Import Request.
  Time since last request: 0.000113 seconds.
  path: Assets/Sound/Outside Restaurant Ambience.wav
  artifactKey: Guid(4f1901d2a7bba894689316c7c04df9bc) Importer(815301076,1909f56bfc062723c751e8b465ee728b)
Start importing Assets/Sound/Outside Restaurant Ambience.wav using Guid(4f1901d2a7bba894689316c7c04df9bc) Importer(815301076,1909f56bfc062723c751e8b465ee728b)  -> (artifact id: 'e9ea0d15af6ff58954ea00751b0b9c8c') in 0.008890 seconds
  Import took 0.011474 seconds .

========================================================================
Received Import Request.
  Time since last request: 0.000128 seconds.
  path: Assets/Sound/SFX_Scared 1-01.wav
  artifactKey: Guid(0f699de2bd5573d439cd9886760d2e92) Importer(815301076,1909f56bfc062723c751e8b465ee728b)
Start importing Assets/Sound/SFX_Scared 1-01.wav using Guid(0f699de2bd5573d439cd9886760d2e92) Importer(815301076,1909f56bfc062723c751e8b465ee728b)  -> (artifact id: 'ca0e9fd5b79188ea7c1da80b7936bddf') in 0.014625 seconds
  Import took 0.016863 seconds .

========================================================================
Received Import Request.
  Time since last request: 0.000136 seconds.
  path: Assets/Sound/SFX_Scared 2.wav
  artifactKey: Guid(1da0de4c063d9624b9d8583a9634debd) Importer(815301076,1909f56bfc062723c751e8b465ee728b)
Start importing Assets/Sound/SFX_Scared 2.wav using Guid(1da0de4c063d9624b9d8583a9634debd) Importer(815301076,1909f56bfc062723c751e8b465ee728b)  -> (artifact id: '1507e31f3d7ba9cb9ac4aec5f9fc0294') in 0.008906 seconds
  Import took 0.011710 seconds .

========================================================================
Received Import Request.
  Time since last request: 0.000134 seconds.
  path: Assets/Sound/Park Ambience.wav
  artifactKey: Guid(b6d85a52a80b48e4fb2c59b54301df6e) Importer(815301076,1909f56bfc062723c751e8b465ee728b)
Start importing Assets/Sound/Park Ambience.wav using Guid(b6d85a52a80b48e4fb2c59b54301df6e) Importer(815301076,1909f56bfc062723c751e8b465ee728b)  -> (artifact id: '0781ebadf6e3f6eff472088194d76034') in 0.008249 seconds
  Import took 0.010639 seconds .

========================================================================
Received Import Request.
  Time since last request: 0.000127 seconds.
  path: Assets/Sound/MenuMusic.wav
  artifactKey: Guid(ea22483810d11824aaee2f1f6d112d89) Importer(815301076,1909f56bfc062723c751e8b465ee728b)
Start importing Assets/Sound/MenuMusic.wav using Guid(ea22483810d11824aaee2f1f6d112d89) Importer(815301076,1909f56bfc062723c751e8b465ee728b)  -> (artifact id: '911c12ea4bf63b539d749719510197ff') in 0.014670 seconds
  Import took 0.022927 seconds .

========================================================================
Received Import Request.
  Time since last request: 0.000142 seconds.
  path: Assets/Sound/SFX_Scared 5.wav
  artifactKey: Guid(641bd0f0e2b02744a8420a32d658e2d1) Importer(815301076,1909f56bfc062723c751e8b465ee728b)
Start importing Assets/Sound/SFX_Scared 5.wav using Guid(641bd0f0e2b02744a8420a32d658e2d1) Importer(815301076,1909f56bfc062723c751e8b465ee728b)  -> (artifact id: 'a5c9c98efb5b77d42ed9df1f72bf0dbc') in 0.008953 seconds
  Import took 0.011354 seconds .

========================================================================
Received Import Request.
  Time since last request: 0.000138 seconds.
  path: Assets/Sound/SFX_PlayerHit.wav
  artifactKey: Guid(20ea179ca1f900e4daa7614f35d5c49a) Importer(815301076,1909f56bfc062723c751e8b465ee728b)
Start importing Assets/Sound/SFX_PlayerHit.wav using Guid(20ea179ca1f900e4daa7614f35d5c49a) Importer(815301076,1909f56bfc062723c751e8b465ee728b)  -> (artifact id: 'ef3fbbf42b441d2b5d3f917c0d878ff1') in 0.007505 seconds
  Import took 0.009255 seconds .

========================================================================
Received Import Request.
  Time since last request: 0.000121 seconds.
  path: Assets/Sound/Shot4.wav
  artifactKey: Guid(6de2f41c10f61a349859833bd2def078) Importer(815301076,1909f56bfc062723c751e8b465ee728b)
Start importing Assets/Sound/Shot4.wav using Guid(6de2f41c10f61a349859833bd2def078) Importer(815301076,1909f56bfc062723c751e8b465ee728b)  -> (artifact id: 'fa311ddb09d92bfc7d7e9087da7a09ef') in 0.007036 seconds
  Import took 0.008914 seconds .

========================================================================
Received Import Request.
  Time since last request: 0.000122 seconds.
  path: Assets/Sound/bullet hit ground.wav
  artifactKey: Guid(cfbd661b9cab9ca44ad9835cc1bc94d6) Importer(815301076,1909f56bfc062723c751e8b465ee728b)
Start importing Assets/Sound/bullet hit ground.wav using Guid(cfbd661b9cab9ca44ad9835cc1bc94d6) Importer(815301076,1909f56bfc062723c751e8b465ee728b)  -> (artifact id: 'f816d203024186ea3cb7ced777da8bdb') in 0.007325 seconds
  Import took 0.009442 seconds .

========================================================================
Received Import Request.
  Time since last request: 0.000124 seconds.
  path: Assets/Sound/Two Reload2.wav
  artifactKey: Guid(abb9ce1d95a11ce4aa4c30ac1086884d) Importer(815301076,1909f56bfc062723c751e8b465ee728b)
Start importing Assets/Sound/Two Reload2.wav using Guid(abb9ce1d95a11ce4aa4c30ac1086884d) Importer(815301076,1909f56bfc062723c751e8b465ee728b)  -> (artifact id: 'd2b60961a52f3a4a379c450fa8e42899') in 0.008544 seconds
  Import took 0.010688 seconds .

========================================================================
Received Import Request.
  Time since last request: 0.000134 seconds.
  path: Assets/Sound/SFX_PineHit 2.wav
  artifactKey: Guid(09eb4e5bf7c335b4e83029218dc8c16d) Importer(815301076,1909f56bfc062723c751e8b465ee728b)
Start importing Assets/Sound/SFX_PineHit 2.wav using Guid(09eb4e5bf7c335b4e83029218dc8c16d) Importer(815301076,1909f56bfc062723c751e8b465ee728b)  -> (artifact id: 'e8d9bd6880dcb3637f87dc864336e193') in 0.008765 seconds
  Import took 0.011084 seconds .

========================================================================
Received Import Request.
  Time since last request: 0.000131 seconds.
  path: Assets/Sound/SFX_DRYSHOT.wav
  artifactKey: Guid(1e4b725ffebb32c4ab599a4dee079b43) Importer(815301076,1909f56bfc062723c751e8b465ee728b)
Start importing Assets/Sound/SFX_DRYSHOT.wav using Guid(1e4b725ffebb32c4ab599a4dee079b43) Importer(815301076,1909f56bfc062723c751e8b465ee728b)  -> (artifact id: '72550fd6c603f902d100131dbf13d65a') in 0.008006 seconds
  Import took 0.010175 seconds .

========================================================================
Received Import Request.
  Time since last request: 0.000148 seconds.
  path: Assets/Sound/SFX_PineHit 3.wav
  artifactKey: Guid(0d10bc47bfb0d2f4f891a41659e90b52) Importer(815301076,1909f56bfc062723c751e8b465ee728b)
Start importing Assets/Sound/SFX_PineHit 3.wav using Guid(0d10bc47bfb0d2f4f891a41659e90b52) Importer(815301076,1909f56bfc062723c751e8b465ee728b)  -> (artifact id: '31aef766ff659fa9286f3d435a460230') in 0.008484 seconds
  Import took 0.011038 seconds .

========================================================================
Received Import Request.
  Time since last request: 0.000123 seconds.
  path: Assets/Sound/Shot 1.wav
  artifactKey: Guid(1bf923dc797fc3249b281e54eba5baab) Importer(815301076,1909f56bfc062723c751e8b465ee728b)
Start importing Assets/Sound/Shot 1.wav using Guid(1bf923dc797fc3249b281e54eba5baab) Importer(815301076,1909f56bfc062723c751e8b465ee728b)  -> (artifact id: '37a81eed26c2f5e42fad34cb9f7587d4') in 0.008320 seconds
  Import took 0.010805 seconds .

========================================================================
Received Import Request.
  Time since last request: 0.000139 seconds.
  path: Assets/Sound/Menu1.wav
  artifactKey: Guid(065ebb1deefea294aa753f84a1527871) Importer(815301076,1909f56bfc062723c751e8b465ee728b)
Start importing Assets/Sound/Menu1.wav using Guid(065ebb1deefea294aa753f84a1527871) Importer(815301076,1909f56bfc062723c751e8b465ee728b)  -> (artifact id: '62a7b9c548cc20815b328df6a206de8e') in 0.009200 seconds
  Import took 0.011853 seconds .

========================================================================
Received Import Request.
  Time since last request: 0.000158 seconds.
  path: Assets/Sound/CityRooftopAmbience.wav
  artifactKey: Guid(597d73ba53885bd46882d8517e623b83) Importer(815301076,1909f56bfc062723c751e8b465ee728b)
Start importing Assets/Sound/CityRooftopAmbience.wav using Guid(597d73ba53885bd46882d8517e623b83) Importer(815301076,1909f56bfc062723c751e8b465ee728b)  -> (artifact id: '19835a1197c0686772d259e8030d1f6f') in 0.008239 seconds
  Import took 0.010668 seconds .

========================================================================
Received Import Request.
  Time since last request: 0.000129 seconds.
  path: Assets/Sound/Steps2.wav
  artifactKey: Guid(bf79e189abd01904688fb66aedbec873) Importer(815301076,1909f56bfc062723c751e8b465ee728b)
Start importing Assets/Sound/Steps2.wav using Guid(bf79e189abd01904688fb66aedbec873) Importer(815301076,1909f56bfc062723c751e8b465ee728b)  -> (artifact id: 'fa6990b65d176d1f7a33fe2834b67421') in 0.008544 seconds
  Import took 0.011202 seconds .

========================================================================
Received Import Request.
  Time since last request: 0.000129 seconds.
  path: Assets/Sound/Two Reload.wav
  artifactKey: Guid(5099a2deb0cbdee44b0071c07336b74a) Importer(815301076,1909f56bfc062723c751e8b465ee728b)
Start importing Assets/Sound/Two Reload.wav using Guid(5099a2deb0cbdee44b0071c07336b74a) Importer(815301076,1909f56bfc062723c751e8b465ee728b)  -> (artifact id: 'b47d88377493de7d333522503a0a7334') in 0.008076 seconds
  Import took 0.010920 seconds .

========================================================================
Received Import Request.
  Time since last request: 0.000137 seconds.
  path: Assets/Sound/Bullet Hit Metal.wav
  artifactKey: Guid(e77227958e249c54795e809ef5a80a46) Importer(815301076,1909f56bfc062723c751e8b465ee728b)
Start importing Assets/Sound/Bullet Hit Metal.wav using Guid(e77227958e249c54795e809ef5a80a46) Importer(815301076,1909f56bfc062723c751e8b465ee728b)  -> (artifact id: 'f31ee5dccad6ab3fce4afadb8d7dd99b') in 0.008917 seconds
  Import took 0.011633 seconds .

========================================================================
Received Import Request.
  Time since last request: 0.000170 seconds.
  path: Assets/Sound/SFX_Scared 3.wav
  artifactKey: Guid(9527ddd9edf53364aaec55d960ea9439) Importer(815301076,1909f56bfc062723c751e8b465ee728b)
Start importing Assets/Sound/SFX_Scared 3.wav using Guid(9527ddd9edf53364aaec55d960ea9439) Importer(815301076,1909f56bfc062723c751e8b465ee728b)  -> (artifact id: '817d3d415843824ea69813f124729a64') in 0.009841 seconds
  Import took 0.012781 seconds .

========================================================================
Received Import Request.
  Time since last request: 0.000137 seconds.
  path: Assets/Sound/Shot 2.wav
  artifactKey: Guid(dfc0e68c114015041a84d486c646f52b) Importer(815301076,1909f56bfc062723c751e8b465ee728b)
Start importing Assets/Sound/Shot 2.wav using Guid(dfc0e68c114015041a84d486c646f52b) Importer(815301076,1909f56bfc062723c751e8b465ee728b)  -> (artifact id: 'df4b1bf0c4a5f741745eaf18693a0276') in 0.008215 seconds
  Import took 0.011090 seconds .

========================================================================
Received Import Request.
  Time since last request: 0.000145 seconds.
  path: Assets/Sound/SlowMo.wav
  artifactKey: Guid(c16cf49d13a62ff4dab4637d4d00d102) Importer(815301076,1909f56bfc062723c751e8b465ee728b)
Start importing Assets/Sound/SlowMo.wav using Guid(c16cf49d13a62ff4dab4637d4d00d102) Importer(815301076,1909f56bfc062723c751e8b465ee728b)  -> (artifact id: 'a27f07b3bdaadb83d6953886f25dd1f4') in 0.008672 seconds
  Import took 0.011855 seconds .

========================================================================
Received Import Request.
  Time since last request: 0.010302 seconds.
  path: Assets/Sound/SlowMo.wav
  artifactKey: Guid(c16cf49d13a62ff4dab4637d4d00d102) Importer(815301076,1909f56bfc062723c751e8b465ee728b)
Start importing Assets/Sound/SlowMo.wav using Guid(c16cf49d13a62ff4dab4637d4d00d102) Importer(815301076,1909f56bfc062723c751e8b465ee728b)  -> (artifact id: 'a27f07b3bdaadb83d6953886f25dd1f4') in 0.005625 seconds
  Import took 0.008317 seconds .

